<?xml version="1.0" encoding="UTF-8"?>
<!-- Generated by org.testng.reporters.JUnitXMLReporter -->
<testsuite ignored="0" hostname="NitxLegion" failures="0" tests="2" name="Error Validation Test" time="14.78" errors="0" timestamp="2024-08-20T08:56:19 EDT">
  <testcase classname="rahulshettyacademy.tests.ErrorValidationsTest" name="LoginErrorValidation" time="1.128"/>
  <testcase classname="rahulshettyacademy.tests.ErrorValidationsTest" name="ProductErrorValidation" time="3.336"/>
</testsuite> <!-- Error Validation Test -->
